[INFO  - 2017-06-05T09:59:59.551Z] GhostDriver - Main - running on port 28862
[INFO  - 2017-06-05T09:59:59.928Z] Session [bc9b5e50-49d5-11e7-9a4c-55caa6e7fda1] - page.settings - {"XSSAuditingEnabled":false,"javascriptCanCloseWindows":true,"javascriptCanOpenWindows":true,"javascriptEnabled":true,"loadImages":true,"localToRemoteUrlAccessEnabled":false,"userAgent":"Mozilla/5.0 (Unknown; Linux x86_64) AppleWebKit/538.1 (KHTML, like Gecko) PhantomJS/2.1.1 Safari/538.1","webSecurityEnabled":true}
[INFO  - 2017-06-05T09:59:59.928Z] Session [bc9b5e50-49d5-11e7-9a4c-55caa6e7fda1] - page.customHeaders:  - {}
[INFO  - 2017-06-05T09:59:59.928Z] Session [bc9b5e50-49d5-11e7-9a4c-55caa6e7fda1] - Session.negotiatedCapabilities - {"browserName":"phantomjs","version":"2.1.1","driverName":"ghostdriver","driverVersion":"1.2.0","platform":"linux-unknown-64bit","javascriptEnabled":true,"takesScreenshot":true,"handlesAlerts":false,"databaseEnabled":false,"locationContextEnabled":false,"applicationCacheEnabled":false,"browserConnectionEnabled":false,"cssSelectorsEnabled":true,"webStorageEnabled":false,"rotatable":false,"acceptSslCerts":false,"nativeEvents":true,"proxy":{"proxyType":"direct"}}
[INFO  - 2017-06-05T09:59:59.928Z] SessionManagerReqHand - _postNewSessionCommand - New Session Created: bc9b5e50-49d5-11e7-9a4c-55caa6e7fda1
[ERROR - 2017-06-05T10:00:00.675Z] WebElementLocator - _handleLocateCommand - Element(s) NOT Found: GAVE UP. Search Stop Time: 1496656800659
[ERROR - 2017-06-05T10:00:01.075Z] WebElementLocator - _handleLocateCommand - Element(s) NOT Found: GAVE UP. Search Stop Time: 1496656801066
[INFO  - 2017-06-05T10:00:03.146Z] ShutdownReqHand - _handle - About to shutdown
[INFO  - 2017-06-05T10:00:43.708Z] GhostDriver - Main - running on port 4277
[INFO  - 2017-06-05T10:00:44.084Z] Session [d6ed0a10-49d5-11e7-ab65-0f2a519a41fe] - page.settings - {"XSSAuditingEnabled":false,"javascriptCanCloseWindows":true,"javascriptCanOpenWindows":true,"javascriptEnabled":true,"loadImages":true,"localToRemoteUrlAccessEnabled":false,"userAgent":"Mozilla/5.0 (Unknown; Linux x86_64) AppleWebKit/538.1 (KHTML, like Gecko) PhantomJS/2.1.1 Safari/538.1","webSecurityEnabled":true}
[INFO  - 2017-06-05T10:00:44.085Z] Session [d6ed0a10-49d5-11e7-ab65-0f2a519a41fe] - page.customHeaders:  - {}
[INFO  - 2017-06-05T10:00:44.085Z] Session [d6ed0a10-49d5-11e7-ab65-0f2a519a41fe] - Session.negotiatedCapabilities - {"browserName":"phantomjs","version":"2.1.1","driverName":"ghostdriver","driverVersion":"1.2.0","platform":"linux-unknown-64bit","javascriptEnabled":true,"takesScreenshot":true,"handlesAlerts":false,"databaseEnabled":false,"locationContextEnabled":false,"applicationCacheEnabled":false,"browserConnectionEnabled":false,"cssSelectorsEnabled":true,"webStorageEnabled":false,"rotatable":false,"acceptSslCerts":false,"nativeEvents":true,"proxy":{"proxyType":"direct"}}
[INFO  - 2017-06-05T10:00:44.085Z] SessionManagerReqHand - _postNewSessionCommand - New Session Created: d6ed0a10-49d5-11e7-ab65-0f2a519a41fe
[ERROR - 2017-06-05T10:00:57.423Z] WebElementLocator - _handleLocateCommand - Element(s) NOT Found: GAVE UP. Search Stop Time: 1496656857410
[INFO  - 2017-06-05T10:01:00.362Z] ShutdownReqHand - _handle - About to shutdown
[INFO  - 2017-06-05T10:05:00.869Z] GhostDriver - Main - running on port 14004
[INFO  - 2017-06-05T10:05:01.146Z] Session [70259670-49d6-11e7-9496-cb869abbab0c] - page.settings - {"XSSAuditingEnabled":false,"javascriptCanCloseWindows":true,"javascriptCanOpenWindows":true,"javascriptEnabled":true,"loadImages":true,"localToRemoteUrlAccessEnabled":false,"userAgent":"Mozilla/5.0 (Unknown; Linux x86_64) AppleWebKit/538.1 (KHTML, like Gecko) PhantomJS/2.1.1 Safari/538.1","webSecurityEnabled":true}
[INFO  - 2017-06-05T10:05:01.146Z] Session [70259670-49d6-11e7-9496-cb869abbab0c] - page.customHeaders:  - {}
[INFO  - 2017-06-05T10:05:01.147Z] Session [70259670-49d6-11e7-9496-cb869abbab0c] - Session.negotiatedCapabilities - {"browserName":"phantomjs","version":"2.1.1","driverName":"ghostdriver","driverVersion":"1.2.0","platform":"linux-unknown-64bit","javascriptEnabled":true,"takesScreenshot":true,"handlesAlerts":false,"databaseEnabled":false,"locationContextEnabled":false,"applicationCacheEnabled":false,"browserConnectionEnabled":false,"cssSelectorsEnabled":true,"webStorageEnabled":false,"rotatable":false,"acceptSslCerts":false,"nativeEvents":true,"proxy":{"proxyType":"direct"}}
[INFO  - 2017-06-05T10:05:01.147Z] SessionManagerReqHand - _postNewSessionCommand - New Session Created: 70259670-49d6-11e7-9496-cb869abbab0c
[ERROR - 2017-06-05T10:05:03.455Z] WebElementLocator - _handleLocateCommand - Element(s) NOT Found: GAVE UP. Search Stop Time: 1496657103443
[INFO  - 2017-06-05T10:05:05.358Z] ShutdownReqHand - _handle - About to shutdown
